ISim log file
Running: /home/tom/prog/git/SDCard-PG/build/tb_isim_beh.exe -intstyle ise -gui -tclbatch isim.cmd -wdb /home/tom/prog/git/SDCard-PG/build/tb_isim_beh.wdb 
ISim P.58f (signature 0xfbc00daa)
WARNING: A WEBPACK license was found.
WARNING: Please use Xilinx License Configuration Manager to check out a full ISim license.
WARNING: ISim will run in Lite mode. Please refer to the ISim documentation for more information on the differences between the Lite and the Full version.
This is a Lite version of ISim.
Time resolution is 1 ps
# onerror resume
# wave add /
# run 1000 ns
Simulator is doing circuit initialization process.
at 0 ps: Note: MMC Chip: Processing set  (/tb/tb_elem_mmc_b/).
at 0 ps, Instance /tb/tb_elem_mmc_b/dut_b/spi_boot_b/img_cnt/img_cnt_b/ : Warning: NUMERIC_STD."=": metavalue detected, returning FALSE
at 0 ps, Instance /tb/tb_elem_mmc_b/dut_b/spi_boot_b/mmc_cnt/mmc_cnt_b/ : Warning: NUMERIC_STD."=": metavalue detected, returning FALSE
Finished circuit initialization process.
# run
# run
# run 4 ms
at 100 us: Note: MMC Chip: Requesting image 0 (/tb/tb_elem_mmc_b/).
at 1950350 ns(1): Note: MMC Chip: Requesting image 1 (/tb/tb_elem_mmc_b/).
at 2806550 ns(1): Note: MMC Chip: Requesting image 2 (/tb/tb_elem_mmc_b/).
# run 4 ms
at 4437150 ns(1): Note: MMC Chip: Processing set  (/tb/tb_elem_mmc_b/).
at 4537150 ns: Note: MMC Chip: Requesting image 0 (/tb/tb_elem_mmc_b/).
at 6387550 ns(1): Note: MMC Chip: Requesting image 1 (/tb/tb_elem_mmc_b/).
at 7243750 ns(1): Note: MMC Chip: Requesting image 2 (/tb/tb_elem_mmc_b/).
# run
# run all
at 8874350 ns(1): Note: MMC Chip: Processing set  (/tb/tb_elem_mmc_b/).
at 8974350 ns: Note: MMC Chip: Requesting image 0 (/tb/tb_elem_mmc_b/).
at 10824750 ns(1): Note: MMC Chip: Requesting image 1 (/tb/tb_elem_mmc_b/).
at 11680950 ns(1): Note: MMC Chip: Requesting image 2 (/tb/tb_elem_mmc_b/).
at 13311550 ns(1): Note: MMC Chip: Processing set  (/tb/tb_elem_mmc_b/).
at 13411550 ns: Note: MMC Chip: Requesting image 0 (/tb/tb_elem_mmc_b/).
at 15261950 ns(1): Note: MMC Chip: Requesting image 1 (/tb/tb_elem_mmc_b/).
at 16118150 ns(1): Note: MMC Chip: Requesting image 2 (/tb/tb_elem_mmc_b/).

** Failure:End of Simulation.
User(VHDL) Code Called Simulation Stop
In process tb.vhd:eos 
 
INFO: Simulator is stopped.
# exit 0
